mode: set
github.com/SaravananPitchaimuthu/Practice/Chapter11/prose/join.go:5.46,6.23 1 1
github.com/SaravananPitchaimuthu/Practice/Chapter11/prose/join.go:6.23,8.3 1 1
github.com/SaravananPitchaimuthu/Practice/Chapter11/prose/join.go:8.8,8.30 1 1
github.com/SaravananPitchaimuthu/Practice/Chapter11/prose/join.go:8.30,10.3 1 1
github.com/SaravananPitchaimuthu/Practice/Chapter11/prose/join.go:10.8,10.30 1 1
github.com/SaravananPitchaimuthu/Practice/Chapter11/prose/join.go:10.30,12.3 1 1
github.com/SaravananPitchaimuthu/Practice/Chapter11/prose/join.go:12.8,17.3 4 1
